Started GET "/" for 127.0.0.1 at 2019-01-21 16:27:05 -0800
Processing by Rails::WelcomeController#index as HTML
  Rendering /Users/rohanprabhakar/.rbenv/versions/2.5.3/lib/ruby/gems/2.5.0/gems/railties-5.2.2/lib/rails/templates/rails/welcome/index.html.erb
  Rendered /Users/rohanprabhakar/.rbenv/versions/2.5.3/lib/ruby/gems/2.5.0/gems/railties-5.2.2/lib/rails/templates/rails/welcome/index.html.erb (4.6ms)
Completed 200 OK in 22ms (Views: 12.3ms | ActiveRecord: 0.0ms)


  [1m[35m (0.2ms)[0m  [1m[34mSELECT sqlite_version(*)[0m
  ↳ bin/rails:9
  [1m[35m (1.0ms)[0m  [1m[35mCREATE TABLE "schema_migrations" ("version" varchar NOT NULL PRIMARY KEY)[0m
  ↳ bin/rails:9
  [1m[35m (0.9ms)[0m  [1m[35mCREATE TABLE "ar_internal_metadata" ("key" varchar NOT NULL PRIMARY KEY, "value" varchar, "created_at" datetime NOT NULL, "updated_at" datetime NOT NULL)[0m
  ↳ bin/rails:9
  [1m[35m (0.2ms)[0m  [1m[34mSELECT "schema_migrations"."version" FROM "schema_migrations" ORDER BY "schema_migrations"."version" ASC[0m
  ↳ bin/rails:9
Migrating to CreateCars (20190126091110)
  [1m[35m (0.1ms)[0m  [1m[36mbegin transaction[0m
  ↳ bin/rails:9
  [1m[35m (0.4ms)[0m  [1m[35mCREATE TABLE "cars" ("id" integer PRIMARY KEY AUTOINCREMENT NOT NULL, "make" varchar, "model" varchar, "year" integer, "created_at" datetime NOT NULL, "updated_at" datetime NOT NULL)[0m
  ↳ db/migrate/20190126091110_create_cars.rb:3
  [1m[36mActiveRecord::SchemaMigration Create (0.3ms)[0m  [1m[32mINSERT INTO "schema_migrations" ("version") VALUES (?)[0m  [["version", "20190126091110"]]
  ↳ bin/rails:9
  [1m[35m (0.8ms)[0m  [1m[36mcommit transaction[0m
  ↳ bin/rails:9
  [1m[36mActiveRecord::InternalMetadata Load (0.2ms)[0m  [1m[34mSELECT  "ar_internal_metadata".* FROM "ar_internal_metadata" WHERE "ar_internal_metadata"."key" = ? LIMIT ?[0m  [["key", "environment"], ["LIMIT", 1]]
  ↳ bin/rails:9
  [1m[35m (0.0ms)[0m  [1m[36mbegin transaction[0m
  ↳ bin/rails:9
  [1m[36mActiveRecord::InternalMetadata Create (0.2ms)[0m  [1m[32mINSERT INTO "ar_internal_metadata" ("key", "value", "created_at", "updated_at") VALUES (?, ?, ?, ?)[0m  [["key", "environment"], ["value", "development"], ["created_at", "2019-01-26 09:11:21.258785"], ["updated_at", "2019-01-26 09:11:21.258785"]]
  ↳ bin/rails:9
  [1m[35m (0.6ms)[0m  [1m[36mcommit transaction[0m
  ↳ bin/rails:9
  [1m[35m (0.1ms)[0m  [1m[34mSELECT "schema_migrations"."version" FROM "schema_migrations" ORDER BY "schema_migrations"."version" ASC[0m
  ↳ bin/rails:9
Started GET "/cars" for 127.0.0.1 at 2019-01-26 01:11:37 -0800
  [1m[35m (0.1ms)[0m  [1m[34mSELECT "schema_migrations"."version" FROM "schema_migrations" ORDER BY "schema_migrations"."version" ASC[0m
  ↳ /Users/rohanprabhakar/.rbenv/versions/2.5.3/lib/ruby/gems/2.5.0/gems/activerecord-5.2.2/lib/active_record/log_subscriber.rb:98
Processing by CarsController#index as HTML
  Rendering cars/index.html.erb within layouts/application
  [1m[36mCar Load (0.2ms)[0m  [1m[34mSELECT "cars".* FROM "cars"[0m
  ↳ app/views/cars/index.html.erb:16
  Rendered cars/index.html.erb within layouts/application (2.8ms)
Completed 500 Internal Server Error in 625ms (ActiveRecord: 0.4ms)


  
ActionView::Template::Error (dyld: Library not loaded: /usr/local/opt/icu4c/lib/libicui18n.61.dylib
  Referenced from: /usr/local/bin/node
  Reason: image not found
):
     5:     <%= csrf_meta_tags %>
     6:     <%= csp_meta_tag %>
     7: 
     8:     <%= stylesheet_link_tag    'application', media: 'all', 'data-turbolinks-track': 'reload' %>
     9:     <%= javascript_include_tag 'application', 'data-turbolinks-track': 'reload' %>
    10:   </head>
    11: 
  
(execjs):1
app/views/layouts/application.html.erb:8:in `_app_views_layouts_application_html_erb___849320899128889889_70181754214220'
Started GET "/" for 127.0.0.1 at 2019-01-26 01:11:46 -0800
Processing by Rails::WelcomeController#index as HTML
  Rendering /Users/rohanprabhakar/.rbenv/versions/2.5.3/lib/ruby/gems/2.5.0/gems/railties-5.2.2/lib/rails/templates/rails/welcome/index.html.erb
  Rendered /Users/rohanprabhakar/.rbenv/versions/2.5.3/lib/ruby/gems/2.5.0/gems/railties-5.2.2/lib/rails/templates/rails/welcome/index.html.erb (1.9ms)
Completed 200 OK in 10ms (Views: 5.8ms | ActiveRecord: 0.0ms)


Started GET "/cars" for 127.0.0.1 at 2019-01-26 01:12:03 -0800
Processing by CarsController#index as HTML
  Rendering cars/index.html.erb within layouts/application
  [1m[36mCar Load (0.3ms)[0m  [1m[34mSELECT "cars".* FROM "cars"[0m
  ↳ app/views/cars/index.html.erb:16
  Rendered cars/index.html.erb within layouts/application (1.9ms)
Completed 500 Internal Server Error in 275ms (ActiveRecord: 0.3ms)


  
ActionView::Template::Error (dyld: Library not loaded: /usr/local/opt/icu4c/lib/libicui18n.61.dylib
  Referenced from: /usr/local/bin/node
  Reason: image not found
):
     5:     <%= csrf_meta_tags %>
     6:     <%= csp_meta_tag %>
     7: 
     8:     <%= stylesheet_link_tag    'application', media: 'all', 'data-turbolinks-track': 'reload' %>
     9:     <%= javascript_include_tag 'application', 'data-turbolinks-track': 'reload' %>
    10:   </head>
    11: 
  
(execjs):1
app/views/layouts/application.html.erb:8:in `_app_views_layouts_application_html_erb___849320899128889889_70181796356360'
Started GET "/cars" for 127.0.0.1 at 2019-01-26 01:14:19 -0800
  [1m[35m (0.1ms)[0m  [1m[34mSELECT "schema_migrations"."version" FROM "schema_migrations" ORDER BY "schema_migrations"."version" ASC[0m
  ↳ /Users/rohanprabhakar/.rbenv/versions/2.5.3/lib/ruby/gems/2.5.0/gems/activerecord-5.2.2/lib/active_record/log_subscriber.rb:98
Processing by CarsController#index as HTML
  Rendering cars/index.html.erb within layouts/application
  [1m[36mCar Load (0.1ms)[0m  [1m[34mSELECT "cars".* FROM "cars"[0m
  ↳ app/views/cars/index.html.erb:16
  Rendered cars/index.html.erb within layouts/application (1.8ms)
Completed 500 Internal Server Error in 372ms (ActiveRecord: 0.3ms)


  
ActionView::Template::Error (dyld: Library not loaded: /usr/local/opt/icu4c/lib/libicui18n.61.dylib
  Referenced from: /usr/local/bin/node
  Reason: image not found
):
     5:     <%= csrf_meta_tags %>
     6:     <%= csp_meta_tag %>
     7: 
     8:     <%= stylesheet_link_tag    'application', media: 'all', 'data-turbolinks-track': 'reload' %>
     9:     <%= javascript_include_tag 'application', 'data-turbolinks-track': 'reload' %>
    10:   </head>
    11: 
  
(execjs):1
app/views/layouts/application.html.erb:8:in `_app_views_layouts_application_html_erb__542483869852408871_70274246513720'
Started GET "/cars" for 127.0.0.1 at 2019-01-26 01:20:09 -0800
  [1m[35m (0.1ms)[0m  [1m[34mSELECT "schema_migrations"."version" FROM "schema_migrations" ORDER BY "schema_migrations"."version" ASC[0m
  ↳ /Users/rohanprabhakar/.rbenv/versions/2.5.3/lib/ruby/gems/2.5.0/gems/activerecord-5.2.2/lib/active_record/log_subscriber.rb:98
Processing by CarsController#index as HTML
  Rendering cars/index.html.erb within layouts/application
  [1m[36mCar Load (0.2ms)[0m  [1m[34mSELECT "cars".* FROM "cars"[0m
  ↳ app/views/cars/index.html.erb:16
  Rendered cars/index.html.erb within layouts/application (2.3ms)
Completed 200 OK in 4838ms (Views: 4826.9ms | ActiveRecord: 0.4ms)


Started GET "/cars/new" for 127.0.0.1 at 2019-01-26 01:20:16 -0800
Processing by CarsController#new as HTML
  Rendering cars/new.html.erb within layouts/application
  Rendered cars/_form.html.erb (20.8ms)
  Rendered cars/new.html.erb within layouts/application (23.6ms)
Completed 200 OK in 51ms (Views: 41.4ms | ActiveRecord: 0.7ms)


Started POST "/cars" for 127.0.0.1 at 2019-01-26 01:20:36 -0800
Processing by CarsController#create as HTML
  Parameters: {"utf8"=>"✓", "authenticity_token"=>"E5cm2hCzeHIo1l7qdmUnQCBxqvIs5D3I8Ru3P53F2Zcrf2/NpkxghmcKdauvsTvHAQw5y0H1KiJE72LBJjjBfg==", "car"=>{"make"=>"Subaru", "model"=>"Crosstrek", "year"=>"2016"}, "commit"=>"Create Car"}
  [1m[35m (0.1ms)[0m  [1m[36mbegin transaction[0m
  ↳ app/controllers/cars_controller.rb:30
  [1m[36mCar Create (0.5ms)[0m  [1m[32mINSERT INTO "cars" ("make", "model", "year", "created_at", "updated_at") VALUES (?, ?, ?, ?, ?)[0m  [["make", "Subaru"], ["model", "Crosstrek"], ["year", 2016], ["created_at", "2019-01-26 09:20:36.620368"], ["updated_at", "2019-01-26 09:20:36.620368"]]
  ↳ app/controllers/cars_controller.rb:30
  [1m[35m (0.6ms)[0m  [1m[36mcommit transaction[0m
  ↳ app/controllers/cars_controller.rb:30
Redirected to http://localhost:3000/cars/1
Completed 302 Found in 4ms (ActiveRecord: 1.1ms)


Started GET "/cars/1" for 127.0.0.1 at 2019-01-26 01:20:36 -0800
Processing by CarsController#show as HTML
  Parameters: {"id"=>"1"}
  [1m[36mCar Load (0.2ms)[0m  [1m[34mSELECT  "cars".* FROM "cars" WHERE "cars"."id" = ? LIMIT ?[0m  [["id", 1], ["LIMIT", 1]]
  ↳ app/controllers/cars_controller.rb:67
  Rendering cars/show.html.erb within layouts/application
  Rendered cars/show.html.erb within layouts/application (0.5ms)
Completed 200 OK in 24ms (Views: 18.3ms | ActiveRecord: 0.2ms)


Started GET "/cars/1/edit" for 127.0.0.1 at 2019-01-26 01:20:40 -0800
Processing by CarsController#edit as HTML
  Parameters: {"id"=>"1"}
  [1m[36mCar Load (0.2ms)[0m  [1m[34mSELECT  "cars".* FROM "cars" WHERE "cars"."id" = ? LIMIT ?[0m  [["id", 1], ["LIMIT", 1]]
  ↳ app/controllers/cars_controller.rb:67
  Rendering cars/edit.html.erb within layouts/application
  Rendered cars/_form.html.erb (2.5ms)
  Rendered cars/edit.html.erb within layouts/application (5.4ms)
Completed 200 OK in 48ms (Views: 43.1ms | ActiveRecord: 0.2ms)


Started GET "/cars" for 127.0.0.1 at 2019-01-26 01:20:41 -0800
Processing by CarsController#index as HTML
  Rendering cars/index.html.erb within layouts/application
  [1m[36mCar Load (0.8ms)[0m  [1m[34mSELECT "cars".* FROM "cars"[0m
  ↳ app/views/cars/index.html.erb:16
  Rendered cars/index.html.erb within layouts/application (1.9ms)
Completed 200 OK in 25ms (Views: 20.2ms | ActiveRecord: 0.8ms)


Started GET "/cars/new" for 127.0.0.1 at 2019-01-26 01:20:45 -0800
Processing by CarsController#new as HTML
  Rendering cars/new.html.erb within layouts/application
  Rendered cars/_form.html.erb (2.3ms)
  Rendered cars/new.html.erb within layouts/application (5.0ms)
Completed 200 OK in 30ms (Views: 26.5ms | ActiveRecord: 0.0ms)


Started GET "/cars" for 127.0.0.1 at 2019-01-26 01:20:47 -0800
Processing by CarsController#index as HTML
  Rendering cars/index.html.erb within layouts/application
  [1m[36mCar Load (0.3ms)[0m  [1m[34mSELECT "cars".* FROM "cars"[0m
  ↳ app/views/cars/index.html.erb:16
  Rendered cars/index.html.erb within layouts/application (2.1ms)
Completed 200 OK in 27ms (Views: 23.0ms | ActiveRecord: 0.3ms)


